<?xml version="1.0" encoding="UTF-8"?>
<beans xmlns="http://www.springframework.org/schema/beans"
       xmlns:xsi="http://www.w3.org/2001/XMLSchema-instance"
       xmlns:context="http://www.springframework.org/schema/context"
       xmlns:aop="http://www.springframework.org/schema/aop"
       xmlns:tx="http://www.springframework.org/schema/tx"
       xsi:schemaLocation="http://www.springframework.org/schema/beans
	http://www.springframework.org/schema/beans/spring-beans.xsd
	http://www.springframework.org/schema/context
	http://www.springframework.org/schema/context/spring-context.xsd
	http://www.springframework.org/schema/aop
	http://www.springframework.org/schema/aop/spring-aop.xsd
	http://www.springframework.org/schema/tx
	http://www.springframework.org/schema/tx/spring-tx.xsd">

    <!--开启注解-->
    <context:component-scan base-package="com.xiaoyu">
        <context:exclude-filter type="annotation" expression="org.springframework.stereotype.Controller"/>
    </context:component-scan>

    <!--加载db.properties-->
    <context:property-placeholder location="classpath:test.db.properties"></context:property-placeholder>

    <!--c3p0数据源-->
    <bean id="dataSource" class="com.mchange.v2.c3p0.ComboPooledDataSource">
        <!-- 注入属性值 -->
        <property name="driverClass" value="${jdbc.driver}"></property>
        <property name="jdbcUrl" value="${jdbc.url}"></property>
        <property name="user" value="${jdbc.username}"></property>
        <property name="password" value="${jdbc.password}"></property>
    </bean>

    <!--事务管理器-->
    <bean id="transactionManager" class="org.springframework.jdbc.datasource.DataSourceTransactionManager">
        <property name="dataSource" ref="dataSource"></property>
    </bean>

    <!--事物增强-->
    <tx:advice id="txadvice" transaction-manager="transactionManager">
        <tx:attributes>
            <tx:method name="insert*" propagation="REQUIRED" read-only="false"/>
            <tx:method name="update*" propagation="REQUIRED" read-only="false"/>
            <tx:method name="delete*" propagation="REQUIRED" read-only="false"/>
            <tx:method name="do*" propagation="REQUIRED" read-only="false"/>
            <tx:method name="indep*" propagation="REQUIRES_NEW" read-only="false"/>
            <tx:method name="query*" propagation="SUPPORTS" read-only="true"/>
        </tx:attributes>
    </tx:advice>

    <!--配置切面-->
    <aop:config>
        <!--切点-->
        <aop:pointcut id="pointcut" expression="execution(* com.xiaoyu.service.impl.*.*(..))"/>
        <!--切面 把事物增强，放置到切点上面-->
        <aop:advisor advice-ref="txadvice" pointcut-ref="pointcut"></aop:advisor>
    </aop:config>

    <!--mybaits 工厂-->
    <bean id="sqlSessionFactory" class="org.mybatis.spring.SqlSessionFactoryBean">
        <!-- 数据源 -->
        <property name="dataSource" ref="dataSource"/>
        <!-- 自动扫描mapping.xml文件，**表示迭代查找 -->
        <property name="mapperLocations" value="classpath*:mapper/*Mapper.xml"/>
        <!--mybaits分页插件-->
        <property name="plugins">
            <array>
                <bean class="com.github.pagehelper.PageInterceptor">
                    <!-- 这里的几个配置主要演示如何使用，如果不理解，一定要去掉下面的配置 -->
                    <property name="properties">
                        <value>
                            reasonable=true
                        </value>
                    </property>
                </bean>
            </array>
        </property>
    </bean>

   <!-- mapper代理开发 在dao包下面的都会被扫描 业务层需要继承SqlSessionDaoSupport-->
    <bean class="org.mybatis.spring.mapper.MapperScannerConfigurer">
        <!-- 指定扫描的包名 如果扫描多个包，每个包中间使用半角逗号分隔-->
        <property name="basePackage" value="com.xiaoyu.dao"/>
        <property name="sqlSessionFactoryBeanName" value="sqlSessionFactory"/>
    </bean>

</beans>